1 0
IEUser->Sat Sep 23 13:31:09 2017
	0
tutti->Sun Sep 24 19:34:47 2017
	1 1 1 1 0
tutti->Sun Sep 24 19:41:09 2017
	1 0
tutti->Sun Sep 24 20:15:51 2017
	0
tutti->Mon Sep 25 15:52:49 2017
	1 1 1 1 1 1 0
tutti->Mon Sep 25 16:02:12 2017
	1 1 1 2 1 1 1 1 2 1 0
tutti->Mon Sep 25 16:04:26 2017
	2 1 1 2 1 1 1 0
tutti->Mon Sep 25 16:05:36 2017
	1 0
tutti->Mon Sep 25 16:05:54 2017
	1 0
tutti->Mon Sep 25 16:10:15 2017
	1 2 1 1 0
tutti->Mon Sep 25 16:11:23 2017
	1 1 0
tutti->Mon Sep 25 16:13:38 2017
	0
tutti->Mon Sep 25 16:19:17 2017
	1 2 1 1 1 1 1 1 1 1 1 1 1 1 1 1 1 1 1 17 162 67 1 1 17 162 86 1 17 162 1 46 1 1 1 1 37 77 79 68 13 1 1 1 1 8 8 8 8 8 66 69 76 76 73 83 65 82 73 79 49 1 1 1 1 1 8 8 8 1 1 162 17 67 1 1 162 17 86 1 